<?xml version="1.0" encoding="UTF-8"?>
<coverage generated="1632156996584" clover="3.2.0">
  <project timestamp="1632156996584" name="All files">
    <metrics statements="50" coveredstatements="49" conditionals="34" coveredconditionals="27" methods="22" coveredmethods="21" elements="106" coveredelements="97" complexity="0" loc="50" ncloc="50" packages="2" files="14" classes="14"/>
    <package name="components">
      <metrics statements="10" coveredstatements="10" conditionals="10" coveredconditionals="6" methods="5" coveredmethods="5"/>
      <file name="DropDown.js" path="/Users/learnacademy/Desktop/pepwalk-app/app/javascript/components/components/DropDown.js">
        <metrics statements="2" coveredstatements="2" conditionals="2" coveredconditionals="1" methods="1" coveredmethods="1"/>
        <line num="4" count="1" type="stmt"/>
        <line num="5" count="1" type="stmt"/>
      </file>
      <file name="Footer.js" path="/Users/learnacademy/Desktop/pepwalk-app/app/javascript/components/components/Footer.js">
        <metrics statements="2" coveredstatements="2" conditionals="0" coveredconditionals="0" methods="1" coveredmethods="1"/>
        <line num="3" count="1" type="stmt"/>
        <line num="4" count="1" type="stmt"/>
      </file>
      <file name="Hero.js" path="/Users/learnacademy/Desktop/pepwalk-app/app/javascript/components/components/Hero.js">
        <metrics statements="2" coveredstatements="2" conditionals="0" coveredconditionals="0" methods="1" coveredmethods="1"/>
        <line num="4" count="2" type="stmt"/>
        <line num="5" count="3" type="stmt"/>
      </file>
      <file name="LogCard.js" path="/Users/learnacademy/Desktop/pepwalk-app/app/javascript/components/components/LogCard.js">
        <metrics statements="2" coveredstatements="2" conditionals="0" coveredconditionals="0" methods="1" coveredmethods="1"/>
        <line num="5" count="2" type="stmt"/>
        <line num="6" count="4" type="stmt"/>
      </file>
      <file name="NavBar.js" path="/Users/learnacademy/Desktop/pepwalk-app/app/javascript/components/components/NavBar.js">
        <metrics statements="2" coveredstatements="2" conditionals="8" coveredconditionals="5" methods="1" coveredmethods="1"/>
        <line num="4" count="1" type="stmt"/>
        <line num="5" count="4" type="stmt"/>
      </file>
    </package>
    <package name="pages">
      <metrics statements="40" coveredstatements="39" conditionals="24" coveredconditionals="21" methods="17" coveredmethods="16"/>
      <file name="About.js" path="/Users/learnacademy/Desktop/pepwalk-app/app/javascript/components/pages/About.js">
        <metrics statements="2" coveredstatements="2" conditionals="0" coveredconditionals="0" methods="1" coveredmethods="1"/>
        <line num="3" count="1" type="stmt"/>
        <line num="4" count="3" type="stmt"/>
      </file>
      <file name="AddLog.js" path="/Users/learnacademy/Desktop/pepwalk-app/app/javascript/components/pages/AddLog.js">
        <metrics statements="12" coveredstatements="12" conditionals="0" coveredconditionals="0" methods="4" coveredmethods="4"/>
        <line num="4" count="1" type="stmt"/>
        <line num="5" count="7" type="stmt"/>
        <line num="6" count="7" type="stmt"/>
        <line num="7" count="1" type="stmt"/>
        <line num="10" count="7" type="stmt"/>
        <line num="12" count="7" type="stmt"/>
        <line num="13" count="1" type="stmt"/>
        <line num="14" count="1" type="stmt"/>
        <line num="15" count="1" type="stmt"/>
        <line num="18" count="7" type="stmt"/>
        <line num="19" count="6" type="stmt"/>
        <line num="22" count="7" type="stmt"/>
      </file>
      <file name="Contact.js" path="/Users/learnacademy/Desktop/pepwalk-app/app/javascript/components/pages/Contact.js">
        <metrics statements="2" coveredstatements="2" conditionals="0" coveredconditionals="0" methods="1" coveredmethods="1"/>
        <line num="3" count="1" type="stmt"/>
        <line num="4" count="2" type="stmt"/>
      </file>
      <file name="LogEdit.js" path="/Users/learnacademy/Desktop/pepwalk-app/app/javascript/components/pages/LogEdit.js">
        <metrics statements="12" coveredstatements="12" conditionals="0" coveredconditionals="0" methods="4" coveredmethods="4"/>
        <line num="5" count="1" type="stmt"/>
        <line num="6" count="7" type="stmt"/>
        <line num="7" count="7" type="stmt"/>
        <line num="8" count="1" type="stmt"/>
        <line num="11" count="7" type="stmt"/>
        <line num="22" count="7" type="stmt"/>
        <line num="23" count="1" type="stmt"/>
        <line num="24" count="1" type="stmt"/>
        <line num="25" count="1" type="stmt"/>
        <line num="28" count="7" type="stmt"/>
        <line num="29" count="7" type="stmt"/>
        <line num="32" count="7" type="stmt"/>
      </file>
      <file name="LogShow.js" path="/Users/learnacademy/Desktop/pepwalk-app/app/javascript/components/pages/LogShow.js">
        <metrics statements="3" coveredstatements="2" conditionals="20" coveredconditionals="18" methods="2" coveredmethods="1"/>
        <line num="5" count="1" type="stmt"/>
        <line num="6" count="4" type="stmt"/>
        <line num="55" count="0" type="cond" truecount="0" falsecount="2"/>
      </file>
      <file name="Logs.js" path="/Users/learnacademy/Desktop/pepwalk-app/app/javascript/components/pages/Logs.js">
        <metrics statements="3" coveredstatements="3" conditionals="2" coveredconditionals="2" methods="2" coveredmethods="2"/>
        <line num="4" count="1" type="stmt"/>
        <line num="5" count="1" type="stmt"/>
        <line num="7" count="1" type="cond" truecount="2" falsecount="0"/>
      </file>
      <file name="NotFound.js" path="/Users/learnacademy/Desktop/pepwalk-app/app/javascript/components/pages/NotFound.js">
        <metrics statements="2" coveredstatements="2" conditionals="0" coveredconditionals="0" methods="1" coveredmethods="1"/>
        <line num="4" count="1" type="stmt"/>
        <line num="5" count="1" type="stmt"/>
      </file>
      <file name="NotLoggedIn.js" path="/Users/learnacademy/Desktop/pepwalk-app/app/javascript/components/pages/NotLoggedIn.js">
        <metrics statements="2" coveredstatements="2" conditionals="0" coveredconditionals="0" methods="1" coveredmethods="1"/>
        <line num="3" count="1" type="stmt"/>
        <line num="4" count="2" type="stmt"/>
      </file>
      <file name="Workout.js" path="/Users/learnacademy/Desktop/pepwalk-app/app/javascript/components/pages/Workout.js">
        <metrics statements="2" coveredstatements="2" conditionals="2" coveredconditionals="1" methods="1" coveredmethods="1"/>
        <line num="4" count="1" type="stmt"/>
        <line num="6" count="2" type="stmt"/>
      </file>
    </package>
  </project>
</coverage>
