{"/Users/learnacademy/Desktop/pepwalk-app/app/javascript/components/components/DropDown.js": {"path":"/Users/learnacademy/Desktop/pepwalk-app/app/javascript/components/components/DropDown.js","statementMap":{"0":{"start":{"line":4,"column":17},"end":{"line":29,"column":1}},"1":{"start":{"line":5,"column":2},"end":{"line":28,"column":4}}},"fnMap":{"0":{"name":"(anonymous_0)","decl":{"start":{"line":4,"column":17},"end":{"line":4,"column":18}},"loc":{"start":{"line":4,"column":39},"end":{"line":29,"column":1}},"line":4}},"branchMap":{"0":{"loc":{"start":{"line":8,"column":8},"end":{"line":8,"column":80}},"type":"cond-expr","locations":[{"start":{"line":8,"column":17},"end":{"line":8,"column":69}},{"start":{"line":8,"column":72},"end":{"line":8,"column":80}}],"line":8}},"s":{"0":1,"1":1},"f":{"0":1},"b":{"0":[0,1]},"_coverageSchema":"1a1c01bbd47fc00a2c39e90264f33305004495a9","hash":"3b4ac8281af454f673b90ed8b8e6d6cf58629b2c"}
,"/Users/learnacademy/Desktop/pepwalk-app/app/javascript/components/components/Footer.js": {"path":"/Users/learnacademy/Desktop/pepwalk-app/app/javascript/components/components/Footer.js","statementMap":{"0":{"start":{"line":3,"column":15},"end":{"line":9,"column":1}},"1":{"start":{"line":4,"column":2},"end":{"line":8,"column":4}}},"fnMap":{"0":{"name":"(anonymous_0)","decl":{"start":{"line":3,"column":15},"end":{"line":3,"column":16}},"loc":{"start":{"line":3,"column":21},"end":{"line":9,"column":1}},"line":3}},"branchMap":{},"s":{"0":1,"1":1},"f":{"0":1},"b":{},"_coverageSchema":"1a1c01bbd47fc00a2c39e90264f33305004495a9","hash":"be0e51e4cae69332deceee47fab1517098aee1c7"}
,"/Users/learnacademy/Desktop/pepwalk-app/app/javascript/components/components/Hero.js": {"path":"/Users/learnacademy/Desktop/pepwalk-app/app/javascript/components/components/Hero.js","statementMap":{"0":{"start":{"line":4,"column":13},"end":{"line":61,"column":1}},"1":{"start":{"line":5,"column":2},"end":{"line":60,"column":4}}},"fnMap":{"0":{"name":"(anonymous_0)","decl":{"start":{"line":4,"column":13},"end":{"line":4,"column":14}},"loc":{"start":{"line":4,"column":19},"end":{"line":61,"column":1}},"line":4}},"branchMap":{},"s":{"0":2,"1":3},"f":{"0":3},"b":{},"_coverageSchema":"1a1c01bbd47fc00a2c39e90264f33305004495a9","hash":"62b32593f704eca5625ffe937ef59a2ad3170afd"}
,"/Users/learnacademy/Desktop/pepwalk-app/app/javascript/components/components/LogCard.js": {"path":"/Users/learnacademy/Desktop/pepwalk-app/app/javascript/components/components/LogCard.js","statementMap":{"0":{"start":{"line":5,"column":16},"end":{"line":34,"column":1}},"1":{"start":{"line":6,"column":2},"end":{"line":33,"column":4}}},"fnMap":{"0":{"name":"(anonymous_0)","decl":{"start":{"line":5,"column":16},"end":{"line":5,"column":17}},"loc":{"start":{"line":5,"column":29},"end":{"line":34,"column":1}},"line":5}},"branchMap":{},"s":{"0":2,"1":4},"f":{"0":4},"b":{},"_coverageSchema":"1a1c01bbd47fc00a2c39e90264f33305004495a9","hash":"00e8734bb2899a2f1529c2994ea6c426c0ced123"}
,"/Users/learnacademy/Desktop/pepwalk-app/app/javascript/components/components/NavBar.js": {"path":"/Users/learnacademy/Desktop/pepwalk-app/app/javascript/components/components/NavBar.js","statementMap":{"0":{"start":{"line":4,"column":15},"end":{"line":76,"column":1}},"1":{"start":{"line":5,"column":2},"end":{"line":75,"column":4}}},"fnMap":{"0":{"name":"(anonymous_0)","decl":{"start":{"line":4,"column":15},"end":{"line":4,"column":16}},"loc":{"start":{"line":4,"column":26},"end":{"line":76,"column":1}},"line":4}},"branchMap":{"0":{"loc":{"start":{"line":42,"column":11},"end":{"line":42,"column":52}},"type":"binary-expr","locations":[{"start":{"line":42,"column":11},"end":{"line":42,"column":25}},{"start":{"line":42,"column":29},"end":{"line":42,"column":52}}],"line":42},"1":{"loc":{"start":{"line":47,"column":11},"end":{"line":56,"column":9}},"type":"binary-expr","locations":[{"start":{"line":47,"column":11},"end":{"line":47,"column":25}},{"start":{"line":48,"column":8},"end":{"line":55,"column":11}}],"line":47},"2":{"loc":{"start":{"line":63,"column":9},"end":{"line":67,"column":9}},"type":"binary-expr","locations":[{"start":{"line":63,"column":9},"end":{"line":63,"column":23}},{"start":{"line":64,"column":10},"end":{"line":66,"column":14}}],"line":63},"3":{"loc":{"start":{"line":68,"column":9},"end":{"line":72,"column":9}},"type":"binary-expr","locations":[{"start":{"line":68,"column":9},"end":{"line":68,"column":24}},{"start":{"line":69,"column":10},"end":{"line":71,"column":14}}],"line":68}},"s":{"0":1,"1":4},"f":{"0":4},"b":{"0":[4,0],"1":[4,0],"2":[4,0],"3":[4,4]},"_coverageSchema":"1a1c01bbd47fc00a2c39e90264f33305004495a9","hash":"7141b059f72127e6f27943b598e76328f663e2c1"}
,"/Users/learnacademy/Desktop/pepwalk-app/app/javascript/components/pages/About.js": {"path":"/Users/learnacademy/Desktop/pepwalk-app/app/javascript/components/pages/About.js","statementMap":{"0":{"start":{"line":3,"column":14},"end":{"line":90,"column":1}},"1":{"start":{"line":4,"column":2},"end":{"line":89,"column":4}}},"fnMap":{"0":{"name":"(anonymous_0)","decl":{"start":{"line":3,"column":14},"end":{"line":3,"column":15}},"loc":{"start":{"line":3,"column":20},"end":{"line":90,"column":1}},"line":3}},"branchMap":{},"s":{"0":1,"1":3},"f":{"0":3},"b":{},"_coverageSchema":"1a1c01bbd47fc00a2c39e90264f33305004495a9","hash":"10b5a20533a40e78c0eef184dffbc31d6bd43b3b"}
,"/Users/learnacademy/Desktop/pepwalk-app/app/javascript/components/pages/AddLog.js": {"path":"/Users/learnacademy/Desktop/pepwalk-app/app/javascript/components/pages/AddLog.js","statementMap":{"0":{"start":{"line":4,"column":15},"end":{"line":289,"column":1}},"1":{"start":{"line":5,"column":16},"end":{"line":5,"column":28}},"2":{"start":{"line":6,"column":19},"end":{"line":8,"column":3}},"3":{"start":{"line":7,"column":4},"end":{"line":7,"column":26}},"4":{"start":{"line":10,"column":24},"end":{"line":10,"column":36}},"5":{"start":{"line":12,"column":23},"end":{"line":16,"column":3}},"6":{"start":{"line":13,"column":4},"end":{"line":13,"column":23}},"7":{"start":{"line":14,"column":4},"end":{"line":14,"column":66}},"8":{"start":{"line":15,"column":4},"end":{"line":15,"column":15}},"9":{"start":{"line":18,"column":23},"end":{"line":20,"column":3}},"10":{"start":{"line":19,"column":4},"end":{"line":19,"column":56}},"11":{"start":{"line":22,"column":2},"end":{"line":288,"column":4}}},"fnMap":{"0":{"name":"(anonymous_0)","decl":{"start":{"line":4,"column":15},"end":{"line":4,"column":16}},"loc":{"start":{"line":4,"column":58},"end":{"line":289,"column":1}},"line":4},"1":{"name":"(anonymous_1)","decl":{"start":{"line":6,"column":19},"end":{"line":6,"column":20}},"loc":{"start":{"line":6,"column":25},"end":{"line":8,"column":3}},"line":6},"2":{"name":"(anonymous_2)","decl":{"start":{"line":12,"column":23},"end":{"line":12,"column":24}},"loc":{"start":{"line":12,"column":30},"end":{"line":16,"column":3}},"line":12},"3":{"name":"(anonymous_3)","decl":{"start":{"line":18,"column":23},"end":{"line":18,"column":24}},"loc":{"start":{"line":18,"column":30},"end":{"line":20,"column":3}},"line":18}},"branchMap":{},"s":{"0":1,"1":7,"2":7,"3":1,"4":7,"5":7,"6":1,"7":1,"8":1,"9":7,"10":6,"11":7},"f":{"0":7,"1":1,"2":1,"3":6},"b":{},"_coverageSchema":"1a1c01bbd47fc00a2c39e90264f33305004495a9","hash":"c049263ce03b3da17d600656a4013edca6358283"}
,"/Users/learnacademy/Desktop/pepwalk-app/app/javascript/components/pages/Contact.js": {"path":"/Users/learnacademy/Desktop/pepwalk-app/app/javascript/components/pages/Contact.js","statementMap":{"0":{"start":{"line":3,"column":17},"end":{"line":41,"column":1}},"1":{"start":{"line":4,"column":2},"end":{"line":40,"column":4}}},"fnMap":{"0":{"name":"(anonymous_0)","decl":{"start":{"line":3,"column":17},"end":{"line":3,"column":18}},"loc":{"start":{"line":3,"column":23},"end":{"line":41,"column":1}},"line":3}},"branchMap":{},"s":{"0":1,"1":2},"f":{"0":2},"b":{},"_coverageSchema":"1a1c01bbd47fc00a2c39e90264f33305004495a9","hash":"6f092b4507dedde533712a6ec69a7e5a48851a47"}
,"/Users/learnacademy/Desktop/pepwalk-app/app/javascript/components/pages/LogEdit.js": {"path":"/Users/learnacademy/Desktop/pepwalk-app/app/javascript/components/pages/LogEdit.js","statementMap":{"0":{"start":{"line":5,"column":16},"end":{"line":323,"column":1}},"1":{"start":{"line":6,"column":16},"end":{"line":6,"column":28}},"2":{"start":{"line":7,"column":19},"end":{"line":9,"column":3}},"3":{"start":{"line":8,"column":4},"end":{"line":8,"column":26}},"4":{"start":{"line":11,"column":24},"end":{"line":20,"column":4}},"5":{"start":{"line":22,"column":23},"end":{"line":26,"column":3}},"6":{"start":{"line":23,"column":4},"end":{"line":23,"column":23}},"7":{"start":{"line":24,"column":4},"end":{"line":24,"column":42}},"8":{"start":{"line":25,"column":4},"end":{"line":25,"column":15}},"9":{"start":{"line":28,"column":23},"end":{"line":30,"column":3}},"10":{"start":{"line":29,"column":4},"end":{"line":29,"column":56}},"11":{"start":{"line":32,"column":2},"end":{"line":322,"column":4}}},"fnMap":{"0":{"name":"(anonymous_0)","decl":{"start":{"line":5,"column":16},"end":{"line":5,"column":17}},"loc":{"start":{"line":5,"column":43},"end":{"line":323,"column":1}},"line":5},"1":{"name":"(anonymous_1)","decl":{"start":{"line":7,"column":19},"end":{"line":7,"column":20}},"loc":{"start":{"line":7,"column":25},"end":{"line":9,"column":3}},"line":7},"2":{"name":"(anonymous_2)","decl":{"start":{"line":22,"column":23},"end":{"line":22,"column":24}},"loc":{"start":{"line":22,"column":30},"end":{"line":26,"column":3}},"line":22},"3":{"name":"(anonymous_3)","decl":{"start":{"line":28,"column":23},"end":{"line":28,"column":24}},"loc":{"start":{"line":28,"column":30},"end":{"line":30,"column":3}},"line":28}},"branchMap":{},"s":{"0":1,"1":7,"2":7,"3":1,"4":7,"5":7,"6":1,"7":1,"8":1,"9":7,"10":7,"11":7},"f":{"0":7,"1":1,"2":1,"3":7},"b":{},"_coverageSchema":"1a1c01bbd47fc00a2c39e90264f33305004495a9","hash":"d53f1e1f2491310ba2519caf9bb4e3ab4f0b438c"}
,"/Users/learnacademy/Desktop/pepwalk-app/app/javascript/components/pages/LogShow.js": {"path":"/Users/learnacademy/Desktop/pepwalk-app/app/javascript/components/pages/LogShow.js","statementMap":{"0":{"start":{"line":5,"column":16},"end":{"line":65,"column":1}},"1":{"start":{"line":6,"column":2},"end":{"line":64,"column":4}},"2":{"start":{"line":55,"column":29},"end":{"line":55,"column":53}}},"fnMap":{"0":{"name":"(anonymous_0)","decl":{"start":{"line":5,"column":16},"end":{"line":5,"column":17}},"loc":{"start":{"line":5,"column":40},"end":{"line":65,"column":1}},"line":5},"1":{"name":"(anonymous_1)","decl":{"start":{"line":55,"column":23},"end":{"line":55,"column":24}},"loc":{"start":{"line":55,"column":29},"end":{"line":55,"column":53}},"line":55}},"branchMap":{"0":{"loc":{"start":{"line":11,"column":13},"end":{"line":11,"column":26}},"type":"binary-expr","locations":[{"start":{"line":11,"column":13},"end":{"line":11,"column":16}},{"start":{"line":11,"column":20},"end":{"line":11,"column":26}}],"line":11},"1":{"loc":{"start":{"line":14,"column":13},"end":{"line":14,"column":60}},"type":"binary-expr","locations":[{"start":{"line":14,"column":13},"end":{"line":14,"column":16}},{"start":{"line":14,"column":20},"end":{"line":14,"column":60}}],"line":14},"2":{"loc":{"start":{"line":18,"column":11},"end":{"line":18,"column":34}},"type":"binary-expr","locations":[{"start":{"line":18,"column":11},"end":{"line":18,"column":14}},{"start":{"line":18,"column":18},"end":{"line":18,"column":34}}],"line":18},"3":{"loc":{"start":{"line":21,"column":23},"end":{"line":21,"column":39}},"type":"binary-expr","locations":[{"start":{"line":21,"column":23},"end":{"line":21,"column":26}},{"start":{"line":21,"column":30},"end":{"line":21,"column":39}}],"line":21},"4":{"loc":{"start":{"line":24,"column":21},"end":{"line":24,"column":35}},"type":"binary-expr","locations":[{"start":{"line":24,"column":21},"end":{"line":24,"column":24}},{"start":{"line":24,"column":28},"end":{"line":24,"column":35}}],"line":24},"5":{"loc":{"start":{"line":27,"column":28},"end":{"line":27,"column":48}},"type":"binary-expr","locations":[{"start":{"line":27,"column":28},"end":{"line":27,"column":31}},{"start":{"line":27,"column":35},"end":{"line":27,"column":48}}],"line":27},"6":{"loc":{"start":{"line":30,"column":28},"end":{"line":30,"column":48}},"type":"binary-expr","locations":[{"start":{"line":30,"column":28},"end":{"line":30,"column":31}},{"start":{"line":30,"column":35},"end":{"line":30,"column":48}}],"line":30},"7":{"loc":{"start":{"line":33,"column":26},"end":{"line":33,"column":42}},"type":"binary-expr","locations":[{"start":{"line":33,"column":26},"end":{"line":33,"column":29}},{"start":{"line":33,"column":33},"end":{"line":33,"column":42}}],"line":33},"8":{"loc":{"start":{"line":36,"column":32},"end":{"line":36,"column":45}},"type":"binary-expr","locations":[{"start":{"line":36,"column":32},"end":{"line":36,"column":35}},{"start":{"line":36,"column":39},"end":{"line":36,"column":45}}],"line":36},"9":{"loc":{"start":{"line":55,"column":39},"end":{"line":55,"column":52}},"type":"binary-expr","locations":[{"start":{"line":55,"column":39},"end":{"line":55,"column":42}},{"start":{"line":55,"column":46},"end":{"line":55,"column":52}}],"line":55}},"s":{"0":1,"1":4,"2":0},"f":{"0":4,"1":0},"b":{"0":[4,4],"1":[4,4],"2":[4,4],"3":[4,4],"4":[4,4],"5":[4,4],"6":[4,4],"7":[4,4],"8":[4,4],"9":[0,0]},"_coverageSchema":"1a1c01bbd47fc00a2c39e90264f33305004495a9","hash":"f703d40fbea0c220ca9b3fae112aef75a55bed6e"}
,"/Users/learnacademy/Desktop/pepwalk-app/app/javascript/components/pages/Logs.js": {"path":"/Users/learnacademy/Desktop/pepwalk-app/app/javascript/components/pages/Logs.js","statementMap":{"0":{"start":{"line":4,"column":13},"end":{"line":10,"column":1}},"1":{"start":{"line":5,"column":2},"end":{"line":9,"column":4}},"2":{"start":{"line":7,"column":33},"end":{"line":7,"column":54}}},"fnMap":{"0":{"name":"(anonymous_0)","decl":{"start":{"line":4,"column":13},"end":{"line":4,"column":14}},"loc":{"start":{"line":4,"column":27},"end":{"line":10,"column":1}},"line":4},"1":{"name":"(anonymous_1)","decl":{"start":{"line":7,"column":24},"end":{"line":7,"column":25}},"loc":{"start":{"line":7,"column":33},"end":{"line":7,"column":54}},"line":7}},"branchMap":{"0":{"loc":{"start":{"line":7,"column":7},"end":{"line":7,"column":55}},"type":"binary-expr","locations":[{"start":{"line":7,"column":7},"end":{"line":7,"column":11}},{"start":{"line":7,"column":15},"end":{"line":7,"column":55}}],"line":7}},"s":{"0":1,"1":1,"2":1},"f":{"0":1,"1":1},"b":{"0":[1,1]},"_coverageSchema":"1a1c01bbd47fc00a2c39e90264f33305004495a9","hash":"38bf0f33ae17d9a2b95bb243b43d6c768c5cda66"}
,"/Users/learnacademy/Desktop/pepwalk-app/app/javascript/components/pages/NotFound.js": {"path":"/Users/learnacademy/Desktop/pepwalk-app/app/javascript/components/pages/NotFound.js","statementMap":{"0":{"start":{"line":4,"column":17},"end":{"line":10,"column":1}},"1":{"start":{"line":5,"column":2},"end":{"line":9,"column":4}}},"fnMap":{"0":{"name":"(anonymous_0)","decl":{"start":{"line":4,"column":17},"end":{"line":4,"column":18}},"loc":{"start":{"line":4,"column":23},"end":{"line":10,"column":1}},"line":4}},"branchMap":{},"s":{"0":1,"1":1},"f":{"0":1},"b":{},"_coverageSchema":"1a1c01bbd47fc00a2c39e90264f33305004495a9","hash":"172356845f1c292b996a2f330b289451915d17c3"}
,"/Users/learnacademy/Desktop/pepwalk-app/app/javascript/components/pages/NotLoggedIn.js": {"path":"/Users/learnacademy/Desktop/pepwalk-app/app/javascript/components/pages/NotLoggedIn.js","statementMap":{"0":{"start":{"line":3,"column":20},"end":{"line":65,"column":1}},"1":{"start":{"line":4,"column":2},"end":{"line":64,"column":4}}},"fnMap":{"0":{"name":"(anonymous_0)","decl":{"start":{"line":3,"column":20},"end":{"line":3,"column":21}},"loc":{"start":{"line":3,"column":26},"end":{"line":65,"column":1}},"line":3}},"branchMap":{},"s":{"0":1,"1":2},"f":{"0":2},"b":{},"_coverageSchema":"1a1c01bbd47fc00a2c39e90264f33305004495a9","hash":"69b2bb0d7e02e11e5975bbdc1a80d91c51c02721"}
,"/Users/learnacademy/Desktop/pepwalk-app/app/javascript/components/pages/Workout.js": {"path":"/Users/learnacademy/Desktop/pepwalk-app/app/javascript/components/pages/Workout.js","statementMap":{"0":{"start":{"line":4,"column":16},"end":{"line":51,"column":1}},"1":{"start":{"line":6,"column":2},"end":{"line":50,"column":4}}},"fnMap":{"0":{"name":"(anonymous_0)","decl":{"start":{"line":4,"column":16},"end":{"line":4,"column":17}},"loc":{"start":{"line":4,"column":44},"end":{"line":51,"column":1}},"line":4}},"branchMap":{"0":{"loc":{"start":{"line":23,"column":52},"end":{"line":23,"column":77}},"type":"binary-expr","locations":[{"start":{"line":23,"column":52},"end":{"line":23,"column":61}},{"start":{"line":23,"column":65},"end":{"line":23,"column":77}}],"line":23}},"s":{"0":1,"1":2},"f":{"0":2},"b":{"0":[2,0]},"_coverageSchema":"1a1c01bbd47fc00a2c39e90264f33305004495a9","hash":"bd2ab635c13bdd6b12fb57488c6eda6a33a975bf"}
}
