TN:
SF:app/javascript/components/components/DropDown.js
FN:4,(anonymous_0)
FNF:1
FNH:1
FNDA:1,(anonymous_0)
DA:4,1
DA:5,1
LF:2
LH:2
BRDA:8,0,0,0
BRDA:8,0,1,1
BRF:2
BRH:1
end_of_record
TN:
SF:app/javascript/components/components/Footer.js
FN:3,(anonymous_0)
FNF:1
FNH:1
FNDA:1,(anonymous_0)
DA:3,1
DA:4,1
LF:2
LH:2
BRF:0
BRH:0
end_of_record
TN:
SF:app/javascript/components/components/Hero.js
FN:4,(anonymous_0)
FNF:1
FNH:1
FNDA:3,(anonymous_0)
DA:4,2
DA:5,3
LF:2
LH:2
BRF:0
BRH:0
end_of_record
TN:
SF:app/javascript/components/components/LogCard.js
FN:5,(anonymous_0)
FNF:1
FNH:1
FNDA:4,(anonymous_0)
DA:5,2
DA:6,4
LF:2
LH:2
BRF:0
BRH:0
end_of_record
TN:
SF:app/javascript/components/components/NavBar.js
FN:4,(anonymous_0)
FNF:1
FNH:1
FNDA:4,(anonymous_0)
DA:4,1
DA:5,4
LF:2
LH:2
BRDA:42,0,0,4
BRDA:42,0,1,0
BRDA:47,1,0,4
BRDA:47,1,1,0
BRDA:63,2,0,4
BRDA:63,2,1,0
BRDA:68,3,0,4
BRDA:68,3,1,4
BRF:8
BRH:5
end_of_record
TN:
SF:app/javascript/components/pages/About.js
FN:3,(anonymous_0)
FNF:1
FNH:1
FNDA:3,(anonymous_0)
DA:3,1
DA:4,3
LF:2
LH:2
BRF:0
BRH:0
end_of_record
TN:
SF:app/javascript/components/pages/AddLog.js
FN:4,(anonymous_0)
FN:6,(anonymous_1)
FN:12,(anonymous_2)
FN:18,(anonymous_3)
FNF:4
FNH:4
FNDA:7,(anonymous_0)
FNDA:1,(anonymous_1)
FNDA:1,(anonymous_2)
FNDA:6,(anonymous_3)
DA:4,1
DA:5,7
DA:6,7
DA:7,1
DA:10,7
DA:12,7
DA:13,1
DA:14,1
DA:15,1
DA:18,7
DA:19,6
DA:22,7
LF:12
LH:12
BRF:0
BRH:0
end_of_record
TN:
SF:app/javascript/components/pages/Contact.js
FN:3,(anonymous_0)
FNF:1
FNH:1
FNDA:2,(anonymous_0)
DA:3,1
DA:4,2
LF:2
LH:2
BRF:0
BRH:0
end_of_record
TN:
SF:app/javascript/components/pages/LogEdit.js
FN:5,(anonymous_0)
FN:7,(anonymous_1)
FN:22,(anonymous_2)
FN:28,(anonymous_3)
FNF:4
FNH:4
FNDA:7,(anonymous_0)
FNDA:1,(anonymous_1)
FNDA:1,(anonymous_2)
FNDA:7,(anonymous_3)
DA:5,1
DA:6,7
DA:7,7
DA:8,1
DA:11,7
DA:22,7
DA:23,1
DA:24,1
DA:25,1
DA:28,7
DA:29,7
DA:32,7
LF:12
LH:12
BRF:0
BRH:0
end_of_record
TN:
SF:app/javascript/components/pages/LogShow.js
FN:5,(anonymous_0)
FN:55,(anonymous_1)
FNF:2
FNH:1
FNDA:4,(anonymous_0)
FNDA:0,(anonymous_1)
DA:5,1
DA:6,4
DA:55,0
LF:3
LH:2
BRDA:11,0,0,4
BRDA:11,0,1,4
BRDA:14,1,0,4
BRDA:14,1,1,4
BRDA:18,2,0,4
BRDA:18,2,1,4
BRDA:21,3,0,4
BRDA:21,3,1,4
BRDA:24,4,0,4
BRDA:24,4,1,4
BRDA:27,5,0,4
BRDA:27,5,1,4
BRDA:30,6,0,4
BRDA:30,6,1,4
BRDA:33,7,0,4
BRDA:33,7,1,4
BRDA:36,8,0,4
BRDA:36,8,1,4
BRDA:55,9,0,0
BRDA:55,9,1,0
BRF:20
BRH:18
end_of_record
TN:
SF:app/javascript/components/pages/Logs.js
FN:4,(anonymous_0)
FN:7,(anonymous_1)
FNF:2
FNH:2
FNDA:1,(anonymous_0)
FNDA:1,(anonymous_1)
DA:4,1
DA:5,1
DA:7,1
LF:3
LH:3
BRDA:7,0,0,1
BRDA:7,0,1,1
BRF:2
BRH:2
end_of_record
TN:
SF:app/javascript/components/pages/NotFound.js
FN:4,(anonymous_0)
FNF:1
FNH:1
FNDA:1,(anonymous_0)
DA:4,1
DA:5,1
LF:2
LH:2
BRF:0
BRH:0
end_of_record
TN:
SF:app/javascript/components/pages/NotLoggedIn.js
FN:3,(anonymous_0)
FNF:1
FNH:1
FNDA:2,(anonymous_0)
DA:3,1
DA:4,2
LF:2
LH:2
BRF:0
BRH:0
end_of_record
TN:
SF:app/javascript/components/pages/Workout.js
FN:4,(anonymous_0)
FNF:1
FNH:1
FNDA:2,(anonymous_0)
DA:4,1
DA:6,2
LF:2
LH:2
BRDA:23,0,0,2
BRDA:23,0,1,0
BRF:2
BRH:1
end_of_record
